<?xml version="1.0" encoding="UTF-8"?>
<!-- Generated by org.testng.reporters.JUnitXMLReporter -->
<testsuite ignored="0" hostname="ATMECSBLRLT-073" failures="0" tests="2" name="Test3" time="4.774" errors="0" timestamp="2023-11-24T13:26:14 IST">
  <testcase classname="EverysetBgApp.MyProfile3" name="Vehicles" time="0.0">
    <skipped/>
  </testcase> <!-- Vehicles -->
  <testcase classname="EverysetBgApp.MyProfile3" name="Photos" time="0.0">
    <skipped/>
  </testcase> <!-- Photos -->
</testsuite> <!-- Test3 -->
