<?xml version="1.0" encoding="UTF-8"?>
<!-- Generated by org.testng.reporters.JUnitXMLReporter -->
<testsuite ignored="0" hostname="ATMECSBLRLT-073" failures="1" tests="1" name="Test" time="25.356" errors="0" timestamp="2023-12-01T13:01:56 IST">
  <testcase classname="com.everyset.testcases.MyProfile" name="Contact" time="6.9">
    <failure type="java.lang.AssertionError" message="expected [true] but found [false]">
      <![CDATA[java.lang.AssertionError: expected [true] but found [false]
at com.everyset.pageObjects.MyProfilePOM.contact(MyProfilePOM.java:473)
at com.everyset.testcases.MyProfile.Contact(MyProfile.java:41)
at java.base/java.util.ArrayList.forEach(ArrayList.java:1511)
... Removed 33 stack frames]]>
    </failure>
  </testcase> <!-- Contact -->
</testsuite> <!-- Test -->
