<?xml version="1.0" encoding="UTF-8"?>
<!-- Generated by org.testng.reporters.JUnitXMLReporter -->
<testsuite ignored="0" hostname="ATMECSBLRLT-073" failures="3" tests="9" name="Test" time="110.422" errors="0" timestamp="2023-12-22T10:45:21 IST">
  <testcase classname="com.everyset.testcases.Jobs" name="AvailChecks" time="1.264">
    <skipped/>
  </testcase> <!-- AvailChecks -->
  <testcase classname="com.everyset.testcases.Jobs" name="Booked" time="18.287">
    <skipped/>
  </testcase> <!-- Booked -->
  <testcase classname="com.everyset.testcases.Jobs" name="Available" time="23.056">
    <skipped/>
  </testcase> <!-- Available -->
  <testcase classname="com.everyset.testcases.Jobs" name="AvailChecks" time="19.541">
    <skipped/>
  </testcase> <!-- AvailChecks -->
  <testcase classname="com.everyset.testcases.Jobs" name="Booked" time="18.386">
    <skipped/>
  </testcase> <!-- Booked -->
  <testcase classname="com.everyset.testcases.Jobs" name="AvailChecks" time="19.195">
    <failure type="java.lang.AssertionError" message="expected [true] but found [false]">
      <![CDATA[java.lang.AssertionError: expected [true] but found [false]
at com.everyset.pageObjects.JobsPOM.availchecksTab(JobsPOM.java:290)
at com.everyset.testcases.Jobs.AvailChecks(Jobs.java:45)
at java.base/java.util.concurrent.ThreadPoolExecutor.runWorker(ThreadPoolExecutor.java:1136)
at java.base/java.util.concurrent.ThreadPoolExecutor$Worker.run(ThreadPoolExecutor.java:635)
at java.base/java.lang.Thread.run(Thread.java:833)
... Removed 16 stack frames]]>
    </failure>
  </testcase> <!-- AvailChecks -->
  <testcase classname="com.everyset.testcases.Jobs" name="Available" time="33.109">
    <skipped/>
  </testcase> <!-- Available -->
  <testcase classname="com.everyset.testcases.Jobs" name="Booked" time="18.32">
    <failure type="java.lang.IndexOutOfBoundsException" message="Index 20 out of bounds for length 5">
      <![CDATA[java.lang.IndexOutOfBoundsException: Index 20 out of bounds for length 5
at java.base/jdk.internal.util.Preconditions.outOfBounds(Preconditions.java:64)
at java.base/jdk.internal.util.Preconditions.outOfBoundsCheckIndex(Preconditions.java:70)
at java.base/jdk.internal.util.Preconditions.checkIndex(Preconditions.java:266)
at java.base/java.util.Objects.checkIndex(Objects.java:359)
at java.base/java.util.ArrayList.get(ArrayList.java:427)
at org.openqa.selenium.support.pagefactory.internal.LocatingElementListHandler.invoke(LocatingElementListHandler.java:39)
at jdk.proxy2/jdk.proxy2.$Proxy15.get(Unknown Source)
at com.everyset.pageObjects.JobsPOM.BookedTab(JobsPOM.java:354)
at com.everyset.testcases.Jobs.Booked(Jobs.java:70)
at java.base/java.util.concurrent.ThreadPoolExecutor.runWorker(ThreadPoolExecutor.java:1136)
at java.base/java.util.concurrent.ThreadPoolExecutor$Worker.run(ThreadPoolExecutor.java:635)
at java.base/java.lang.Thread.run(Thread.java:833)
... Removed 16 stack frames]]>
    </failure>
  </testcase> <!-- Booked -->
  <testcase classname="com.everyset.testcases.Jobs" name="Available" time="23.086">
    <failure type="java.lang.AssertionError" message="expected [true] but found [false]">
      <![CDATA[java.lang.AssertionError: expected [true] but found [false]
at com.everyset.pageObjects.JobsPOM.available(JobsPOM.java:268)
at com.everyset.testcases.Jobs.Available(Jobs.java:39)
at java.base/java.util.concurrent.ThreadPoolExecutor.runWorker(ThreadPoolExecutor.java:1136)
at java.base/java.util.concurrent.ThreadPoolExecutor$Worker.run(ThreadPoolExecutor.java:635)
at java.base/java.lang.Thread.run(Thread.java:833)
... Removed 16 stack frames]]>
    </failure>
  </testcase> <!-- Available -->
</testsuite> <!-- Test -->
